2014-09-28 09:07:05.982 Sayings of the Wise[19453:344466] DiskCookieStorage changing policy from 2 to 0, cookie file: file:///Users/dbs/Library/Developer/CoreSimulator/Devices/A67BDC83-B67E-4431-BF49-5592B7DCA7D7/data/Containers/Data/Application/5BB7F458-683A-492B-BF18-8C1257C86FC3/Library/Cookies/Cookies.binarycookies
2014-09-28 09:07:06.062 Sayings of the Wise[19453:344466] Multi-tasking -> Device: YES, App: YES
2014-09-28 09:07:06.070 Sayings of the Wise[19453:344466] Unlimited access to network resources
2014-09-28 09:07:06.074 Sayings of the Wise[19453:344466] 

Started backup to iCloud! Please be careful.
Your application might rejected by Apple if you store too much data.
For more information please read "iOS Data Storage Guidelines"
You could find it at the following address https://developer.apple.com/icloud/documentation/data-storage/ .

2014-09-28 09:07:06.461 Sayings of the Wise[19453:344466] Resetting plugins due to page load.
2014-09-28 09:07:06.507 Sayings of the Wise[19453:344466] Finished load of: file:///Users/dbs/Library/Developer/CoreSimulator/Devices/A67BDC83-B67E-4431-BF49-5592B7DCA7D7/data/Containers/Bundle/Application/6DE9031B-8B34-434A-9B1B-DCB0A049E0C8/Sayings%20of%20the%20Wise.app/www/index.html
2014-09-28 09:25:20.071 Sayings of the Wise[20299:354858] DiskCookieStorage changing policy from 2 to 0, cookie file: file:///Users/dbs/Library/Developer/CoreSimulator/Devices/A67BDC83-B67E-4431-BF49-5592B7DCA7D7/data/Containers/Data/Application/65873FC7-BC8F-498E-9E37-06A583B4CC03/Library/Cookies/Cookies.binarycookies
2014-09-28 09:25:20.156 Sayings of the Wise[20299:354858] Multi-tasking -> Device: YES, App: YES
2014-09-28 09:25:20.161 Sayings of the Wise[20299:354858] Unlimited access to network resources
2014-09-28 09:25:20.163 Sayings of the Wise[20299:354858] 

Started backup to iCloud! Please be careful.
Your application might rejected by Apple if you store too much data.
For more information please read "iOS Data Storage Guidelines"
You could find it at the following address https://developer.apple.com/icloud/documentation/data-storage/ .

2014-09-28 09:25:20.317 Sayings of the Wise[20299:354858] Resetting plugins due to page load.
2014-09-28 09:25:20.365 Sayings of the Wise[20299:354858] Finished load of: file:///Users/dbs/Library/Developer/CoreSimulator/Devices/A67BDC83-B67E-4431-BF49-5592B7DCA7D7/data/Containers/Bundle/Application/B47F3F19-5982-4FBD-9E69-2194E5F063E6/Sayings%20of%20the%20Wise.app/www/index.html
2014-09-28 09:53:18.178 Sayings of the Wise[23054:373679] DiskCookieStorage changing policy from 2 to 0, cookie file: file:///Users/dbs/Library/Developer/CoreSimulator/Devices/A67BDC83-B67E-4431-BF49-5592B7DCA7D7/data/Containers/Data/Application/FBCF179F-247A-4DA0-921C-933E694CFC18/Library/Cookies/Cookies.binarycookies
2014-09-28 09:53:18.264 Sayings of the Wise[23054:373679] Multi-tasking -> Device: YES, App: YES
2014-09-28 09:53:18.271 Sayings of the Wise[23054:373679] Unlimited access to network resources
2014-09-28 09:53:18.274 Sayings of the Wise[23054:373679] 

Started backup to iCloud! Please be careful.
Your application might rejected by Apple if you store too much data.
For more information please read "iOS Data Storage Guidelines"
You could find it at the following address https://developer.apple.com/icloud/documentation/data-storage/ .

2014-09-28 09:53:18.457 Sayings of the Wise[23054:373679] Resetting plugins due to page load.
2014-09-28 09:53:18.600 Sayings of the Wise[23054:373679] Finished load of: file:///Users/dbs/Library/Developer/CoreSimulator/Devices/A67BDC83-B67E-4431-BF49-5592B7DCA7D7/data/Containers/Bundle/Application/4752B56D-9F54-4486-B74F-03D8CC82D821/Sayings%20of%20the%20Wise.app/www/index.html
2014-09-28 10:28:10.468 Sayings of the Wise[24953:393152] DiskCookieStorage changing policy from 2 to 0, cookie file: file:///Users/dbs/Library/Developer/CoreSimulator/Devices/A67BDC83-B67E-4431-BF49-5592B7DCA7D7/data/Containers/Data/Application/5CFF3374-221F-4580-ACB0-2FF913292305/Library/Cookies/Cookies.binarycookies
2014-09-28 10:28:10.551 Sayings of the Wise[24953:393152] Multi-tasking -> Device: YES, App: YES
2014-09-28 10:28:10.559 Sayings of the Wise[24953:393152] Unlimited access to network resources
2014-09-28 10:28:10.564 Sayings of the Wise[24953:393152] 

Started backup to iCloud! Please be careful.
Your application might rejected by Apple if you store too much data.
For more information please read "iOS Data Storage Guidelines"
You could find it at the following address https://developer.apple.com/icloud/documentation/data-storage/ .

2014-09-28 10:28:10.758 Sayings of the Wise[24953:393152] Resetting plugins due to page load.
2014-09-28 10:28:11.016 Sayings of the Wise[24953:393152] Finished load of: file:///Users/dbs/Library/Developer/CoreSimulator/Devices/A67BDC83-B67E-4431-BF49-5592B7DCA7D7/data/Containers/Bundle/Application/F8C3CAD6-3EBE-4052-B752-437D554D0341/Sayings%20of%20the%20Wise.app/www/index.html
2014-09-28 10:28:15.269 Sayings of the Wise[24953:393152] Resetting plugins due to page load.
2014-09-28 10:28:15.629 Sayings of the Wise[24953:393152] Finished load of: https://twitter.com/SayingOfTheWise
2014-09-28 10:28:15.631 Sayings of the Wise[24953:393152] Resetting plugins due to page load.
2014-09-28 10:28:16.476 Sayings of the Wise[24953:393152] Finished load of: https://mobile.twitter.com/SayingOfTheWise
